<?xml version="1.0" encoding="UTF-8"?>
<!-- Generated by org.testng.reporters.JUnitReportReporter -->
<testsuite hostname="Admin-PC" failures="0" tests="1" name="neostoxtestclasses.NewTestclass" time="8.864" errors="0" timestamp="2022-12-06T14:32:22 IST" skipped="0">
  <testcase classname="neostoxtestclasses.NewTestclass" name="validateUsername" time="8.864"/>
  <system-out>
    <![CDATA[actual username
actual username]]>
  </system-out>
</testsuite> <!-- neostoxtestclasses.NewTestclass -->
